[debug] [2024-08-23T08:08:43.477Z] ----------------------------------------------------------------------
[debug] [2024-08-23T08:08:43.478Z] Command:       /usr/local/bin/firebase /Users/kaedeee/.cache/firebase/tools/lib/node_modules/firebase-tools/lib/bin/firebase init hosting
[debug] [2024-08-23T08:08:43.479Z] CLI Version:   13.15.4
[debug] [2024-08-23T08:08:43.479Z] Platform:      darwin
[debug] [2024-08-23T08:08:43.479Z] Node Version:  v18.5.0
[debug] [2024-08-23T08:08:43.480Z] Time:          Fri Aug 23 2024 17:08:43 GMT+0900 (Japan Standard Time)
[debug] [2024-08-23T08:08:43.480Z] ----------------------------------------------------------------------
[debug] 
[debug] [2024-08-23T08:08:43.489Z] > command requires scopes: ["email","openid","https://www.googleapis.com/auth/cloudplatformprojects.readonly","https://www.googleapis.com/auth/firebase","https://www.googleapis.com/auth/cloud-platform"]
[debug] [2024-08-23T08:08:43.490Z] > authorizing via signed-in user (soshi_takemoto@reazon.jp)
[info] 
     ######## #### ########  ######## ########     ###     ######  ########
     ##        ##  ##     ## ##       ##     ##  ##   ##  ##       ##
     ######    ##  ########  ######   ########  #########  ######  ######
     ##        ##  ##    ##  ##       ##     ## ##     ##       ## ##
     ##       #### ##     ## ######## ########  ##     ##  ######  ########

You're about to initialize a Firebase project in this directory:

  /Users/kaedeee/ProjectReazon/zapland_web

[info] 
=== Project Setup
[info] 
[info] First, let's associate this project directory with a Firebase project.
[info] You can create multiple project aliases by running firebase use --add, 
[info] but for now we'll just set up a default project.
[info] 
[debug] [2024-08-23T08:08:56.392Z] >>> [apiv2][query] GET https://firebase.googleapis.com/v1beta1/projects pageSize=100
[debug] [2024-08-23T08:08:56.997Z] <<< [apiv2][status] GET https://firebase.googleapis.com/v1beta1/projects 200
[debug] [2024-08-23T08:08:56.999Z] <<< [apiv2][body] GET https://firebase.googleapis.com/v1beta1/projects [omitted]
[info] i  Using project zapland-web (zapland-web) 
[info] 
=== Hosting Setup
[debug] [2024-08-23T08:08:59.266Z] >>> [apiv2][query] GET https://firebase.googleapis.com/v1beta1/projects/zapland-web [none]
[debug] [2024-08-23T08:08:59.691Z] <<< [apiv2][status] GET https://firebase.googleapis.com/v1beta1/projects/zapland-web 200
[debug] [2024-08-23T08:08:59.691Z] <<< [apiv2][body] GET https://firebase.googleapis.com/v1beta1/projects/zapland-web {"projectId":"zapland-web","projectNumber":"99902383845","displayName":"zapland-web","name":"projects/zapland-web","resources":{"hostingSite":"zapland-web"},"state":"ACTIVE","etag":"1_06d32542-e5a3-4339-a07c-382b9ff8c9cb"}
[info] 
[info] Your public directory is the folder (relative to your project directory) that
[info] will contain Hosting assets to be uploaded with firebase deploy. If you
[info] have a build process for your assets, use your build's output directory.
[info] 
[info] âœ”  Wrote build/web/404.html 
[debug] [2024-08-23T08:11:03.380Z] >>> [apiv2][query] GET https://www.gstatic.com/firebasejs/releases.json [none]
[debug] [2024-08-23T08:11:03.572Z] <<< [apiv2][status] GET https://www.gstatic.com/firebasejs/releases.json 200
[debug] [2024-08-23T08:11:03.579Z] <<< [apiv2][body] GET https://www.gstatic.com/firebasejs/releases.json {"current":{"version":"10.13.0","browserURL":"https://www.gstatic.com/firebasejs/10.13.0/firebase.js","packageURL":"https://www.gstatic.com/firebasejs/10.13.0/firebase.tgz"},"live":{"version":"10.13","browserURL":"https://www.gstatic.com/firebasejs/live/10.13/firebase.js","packageURL":"https://www.gstatic.com/firebasejs/live/10.13/firebase.tgz"},"components":{"analytics":"https://www.gstatic.com/firebasejs/10.13.0/firebase-analytics.js","app":"https://www.gstatic.com/firebasejs/10.13.0/firebase-app.js","app-check":"https://www.gstatic.com/firebasejs/10.13.0/firebase-app-check.js","auth":"https://www.gstatic.com/firebasejs/10.13.0/firebase-auth.js","auth/cordova":"https://www.gstatic.com/firebasejs/10.13.0/firebase-auth/cordova.js","auth/web-extension":"https://www.gstatic.com/firebasejs/10.13.0/firebase-auth/web-extension.js","functions":"https://www.gstatic.com/firebasejs/10.13.0/firebase-functions.js","firestore":"https://www.gstatic.com/firebasejs/10.13.0/firebase-firestore.js","firestore/lite":"https://www.gstatic.com/firebasejs/10.13.0/firebase-firestore/lite.js","installations":"https://www.gstatic.com/firebasejs/10.13.0/firebase-installations.js","storage":"https://www.gstatic.com/firebasejs/10.13.0/firebase-storage.js","performance":"https://www.gstatic.com/firebasejs/10.13.0/firebase-performance.js","remote-config":"https://www.gstatic.com/firebasejs/10.13.0/firebase-remote-config.js","messaging":"https://www.gstatic.com/firebasejs/10.13.0/firebase-messaging.js","messaging/sw":"https://www.gstatic.com/firebasejs/10.13.0/firebase-messaging/sw.js","database":"https://www.gstatic.com/firebasejs/10.13.0/firebase-database.js","vertexai-preview":"https://www.gstatic.com/firebasejs/10.13.0/firebase-vertexai-preview.js","firestore.memory":"https://www.gstatic.com/firebasejs/10.13.0/firebase-firestore.memory.js"}}
[info] âœ”  Wrote build/web/index.html 
[info] 
[info] i  Detected a .git folder at /Users/kaedeee/ProjectReazon/zapland_web 
[info] i  Authorizing with GitHub to upload your service account to a GitHub repository's secrets store. 
[info] 
[info] Visit this URL on this device to log in:
[info] https://github.com/login/oauth/authorize?client_id=89cf50f02ac6aaed3484&state=759219454&redirect_uri=http%3A%2F%2Flocalhost%3A9005&scope=read%3Auser%20repo%20public_repo
[info] 
[info] Waiting for authentication...
[debug] [2024-08-23T08:11:36.020Z] >>> [apiv2][query] POST https://github.com/login/oauth/access_token [none]
[debug] [2024-08-23T08:11:36.021Z] >>> [apiv2][body] POST https://github.com/login/oauth/access_token [stream]
[debug] [2024-08-23T08:11:36.477Z] <<< [apiv2][status] POST https://github.com/login/oauth/access_token 200
[debug] [2024-08-23T08:11:36.478Z] <<< [apiv2][body] POST https://github.com/login/oauth/access_token {"access_token":"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","token_type":"bearer","scope":"read:user,repo"}
[debug] [2024-08-23T08:11:36.504Z] >>> [apiv2][query] GET https://api.github.com/user [none]
[debug] [2024-08-23T08:11:36.817Z] <<< [apiv2][status] GET https://api.github.com/user 200
[debug] [2024-08-23T08:11:36.818Z] <<< [apiv2][body] GET https://api.github.com/user {"login":"sushiosushi","id":103556971,"node_id":"U_kgDOBiwnaw","avatar_url":"https://avatars.githubusercontent.com/u/103556971?v=4","gravatar_id":"","url":"https://api.github.com/users/sushiosushi","html_url":"https://github.com/sushiosushi","followers_url":"https://api.github.com/users/sushiosushi/followers","following_url":"https://api.github.com/users/sushiosushi/following{/other_user}","gists_url":"https://api.github.com/users/sushiosushi/gists{/gist_id}","starred_url":"https://api.github.com/users/sushiosushi/starred{/owner}{/repo}","subscriptions_url":"https://api.github.com/users/sushiosushi/subscriptions","organizations_url":"https://api.github.com/users/sushiosushi/orgs","repos_url":"https://api.github.com/users/sushiosushi/repos","events_url":"https://api.github.com/users/sushiosushi/events{/privacy}","received_events_url":"https://api.github.com/users/sushiosushi/received_events","type":"User","site_admin":false,"name":"Sushi","company":null,"blog":"","location":null,"email":null,"hireable":null,"bio":"ðŸ¡","twitter_username":null,"notification_email":null,"public_repos":1,"public_gists":0,"followers":2,"following":0,"created_at":"2022-04-13T05:45:59Z","updated_at":"2024-08-23T08:11:30Z","private_gists":0,"total_private_repos":3,"owned_private_repos":3,"disk_usage":153263,"collaborators":2,"two_factor_authentication":true,"plan":{"name":"free","space":976562499,"collaborators":0,"private_repos":10000}}
[info] 
[info] âœ”  Success! Logged into GitHub as sushiosushi 
[info] 
